<!DOCTYPE html PUBLIC "-//W3C//DTD XHTML 1.1//EN" "https://www.w3.org/TR/xhtml11/DTD/xhtml11.dtd">
<html xmlns="https://www.w3.org/1999/xhtml">
<head>
<meta http-equiv="content-type" content="text/html; charset=UTF-8"/>
<title>TestNG Report</title>
<style type="text/css">table {margin-bottom:10px;border-collapse:collapse;empty-cells:show}th,td {border:1px solid #009;padding:.25em .5em}th {vertical-align:bottom}td {vertical-align:top}table a {font-weight:bold}.stripe td {background-color: #E6EBF9}.num {text-align:right}.passedodd td {background-color: #3F3}.passedeven td {background-color: #0A0}.skippedodd td {background-color: #DDD}.skippedeven td {background-color: #CCC}.failedodd td,.attn {background-color: #F33}.failedeven td,.stripe .attn {background-color: #D00}.stacktrace {white-space:pre;font-family:monospace}.totop {font-size:85%;text-align:center;border-bottom:2px solid #000}.invisible {display:none}</style>
</head>
<body>
<table>
<tr><th>Test</th><th># Passed</th><th># Skipped</th><th># Retried</th><th># Failed</th><th>Time (ms)</th><th>Included Groups</th><th>Excluded Groups</th></tr>
<tr><th colspan="8">Suite</th></tr>
<tr><td><a href="#t0">Test</a></td><td class="num">0</td><td class="num attn">7</td><td class="num">0</td><td class="num attn">1</td><td class="num">106</td><td></td><td></td></tr>
</table>
<table id='summary'><thead><tr><th>Class</th><th>Method</th><th>Start</th><th>Time (ms)</th></tr></thead><tbody><tr><th colspan="4">Suite</th></tr></tbody><tbody id="t0"><tr><th colspan="4">Test &#8212; failed</th></tr><tr class="failedeven"><td rowspan="1">Admin_SmokeTest.Testcase_Project</td><td><a href="#m0">f</a></td><td rowspan="1">1707560843292</td><td rowspan="1">0</td></tr><tr><th colspan="4">Test &#8212; skipped</th></tr><tr class="skippedeven"><td rowspan="1">Admin_SmokeTest.TestCase_Scorm</td><td><a href="#m1">f</a></td><td rowspan="1">1707560843270</td><td rowspan="1">0</td></tr><tr class="skippedodd"><td rowspan="1">Admin_SmokeTest.Testcase_FileContent</td><td><a href="#m2">f</a></td><td rowspan="1">1707560843278</td><td rowspan="1">0</td></tr><tr class="skippedeven"><td rowspan="1">Admin_SmokeTest.Testcase_Forum</td><td><a href="#m3">f</a></td><td rowspan="1">1707560843286</td><td rowspan="1">0</td></tr><tr class="skippedodd"><td rowspan="1">Admin_SmokeTest.Testcase_H5p</td><td><a href="#m4">f</a></td><td rowspan="1">1707560843266</td><td rowspan="1">0</td></tr><tr class="skippedeven"><td rowspan="1">Admin_SmokeTest.Testcase_Main</td><td><a href="#m5">f</a></td><td rowspan="1">1707560843257</td><td rowspan="1">0</td></tr><tr class="skippedodd"><td rowspan="1">Admin_SmokeTest.Testcase_Practice</td><td><a href="#m6">f</a></td><td rowspan="1">1707560843282</td><td rowspan="1">0</td></tr><tr class="skippedeven"><td rowspan="1">Admin_SmokeTest.Testcase_Video</td><td><a href="#m7">f</a></td><td rowspan="1">1707560843274</td><td rowspan="1">0</td></tr></tbody>
</table>
<h2>Test</h2><h3 id="m0">Admin_SmokeTest.Testcase_Project#f</h3><table class="result"><tr><th>Exception</th></tr><tr><td><div class="stacktrace">org.testng.TestNGException: 
Method public void Admin_SmokeTest.Testcase_Project.f(java.lang.String,java.lang.String,java.lang.String,java.lang.String,java.lang.String) throws java.lang.InterruptedException requires a @DataProvider named : InsertProject_TC2 in class Admin_SmokeTest.DataProviderMinimal
	at java.base/java.util.ArrayList.forEach(ArrayList.java:1511)
	at Admin_SmokeTest.Runner.main(Runner.java:16)
... Removed 21 stack frames</div></td></tr></table><p class="totop"><a href="#summary">back to summary</a></p>
<h3 id="m1">Admin_SmokeTest.TestCase_Scorm#f</h3><table class="result"><tr><th>Exception</th></tr><tr><td><div class="stacktrace">java.lang.RuntimeException: java.io.FileNotFoundException: .\src\test\resources\data\CSVFile\Scorm\Scorm-Testcase1.csv (The system cannot find the path specified)
	at java.base/java.util.ArrayList.forEach(ArrayList.java:1511)
	at Admin_SmokeTest.Runner.main(Runner.java:16)
Caused by: java.io.FileNotFoundException: .\src\test\resources\data\CSVFile\Scorm\Scorm-Testcase1.csv (The system cannot find the path specified)
	at java.base/java.io.FileInputStream.open0(Native Method)
	at java.base/java.io.FileInputStream.open(FileInputStream.java:216)
	at java.base/java.io.FileInputStream.&lt;init&gt;(FileInputStream.java:157)
	at java.base/java.io.FileInputStream.&lt;init&gt;(FileInputStream.java:111)
	at java.base/java.io.FileReader.&lt;init&gt;(FileReader.java:60)
	at Admin_SmokeTest.DataProviderMinimal.insertscorm_1Provider(DataProviderMinimal.java:43)
	... 23 more
... Removed 29 stack frames</div></td></tr></table><p class="totop"><a href="#summary">back to summary</a></p>
<h3 id="m2">Admin_SmokeTest.Testcase_FileContent#f</h3><table class="result"><tr><th>Exception</th></tr><tr><td><div class="stacktrace">java.lang.RuntimeException: java.io.FileNotFoundException: .\src\test\resources\data\CSVFile\FileContent\FileContent-Testcase1.csv (The system cannot find the path specified)
	at java.base/java.util.ArrayList.forEach(ArrayList.java:1511)
	at Admin_SmokeTest.Runner.main(Runner.java:16)
Caused by: java.io.FileNotFoundException: .\src\test\resources\data\CSVFile\FileContent\FileContent-Testcase1.csv (The system cannot find the path specified)
	at java.base/java.io.FileInputStream.open0(Native Method)
	at java.base/java.io.FileInputStream.open(FileInputStream.java:216)
	at java.base/java.io.FileInputStream.&lt;init&gt;(FileInputStream.java:157)
	at java.base/java.io.FileInputStream.&lt;init&gt;(FileInputStream.java:111)
	at java.base/java.io.FileReader.&lt;init&gt;(FileReader.java:60)
	at Admin_SmokeTest.DataProviderMinimal.Filecontent_1Provider(DataProviderMinimal.java:69)
	... 23 more
... Removed 29 stack frames</div></td></tr></table><p class="totop"><a href="#summary">back to summary</a></p>
<h3 id="m3">Admin_SmokeTest.Testcase_Forum#f</h3><table class="result"><tr><th>Exception</th></tr><tr><td><div class="stacktrace">java.lang.RuntimeException: java.io.FileNotFoundException: .\src\test\resources\data\CSVFile\Forum\Forum-Testcase1.csv (The system cannot find the path specified)
	at java.base/java.util.ArrayList.forEach(ArrayList.java:1511)
	at Admin_SmokeTest.Runner.main(Runner.java:16)
Caused by: java.io.FileNotFoundException: .\src\test\resources\data\CSVFile\Forum\Forum-Testcase1.csv (The system cannot find the path specified)
	at java.base/java.io.FileInputStream.open0(Native Method)
	at java.base/java.io.FileInputStream.open(FileInputStream.java:216)
	at java.base/java.io.FileInputStream.&lt;init&gt;(FileInputStream.java:157)
	at java.base/java.io.FileInputStream.&lt;init&gt;(FileInputStream.java:111)
	at java.base/java.io.FileReader.&lt;init&gt;(FileReader.java:60)
	at Admin_SmokeTest.DataProviderMinimal.insertAETC1Provider(DataProviderMinimal.java:96)
	... 23 more
... Removed 29 stack frames</div></td></tr></table><p class="totop"><a href="#summary">back to summary</a></p>
<h3 id="m4">Admin_SmokeTest.Testcase_H5p#f</h3><table class="result"><tr><th>Exception</th></tr><tr><td><div class="stacktrace">java.lang.RuntimeException: java.io.FileNotFoundException: .\src\test\resources\data\CSVFile\H5p\H5p_Testcase1.csv (The system cannot find the path specified)
	at java.base/java.util.ArrayList.forEach(ArrayList.java:1511)
	at Admin_SmokeTest.Runner.main(Runner.java:16)
Caused by: java.io.FileNotFoundException: .\src\test\resources\data\CSVFile\H5p\H5p_Testcase1.csv (The system cannot find the path specified)
	at java.base/java.io.FileInputStream.open0(Native Method)
	at java.base/java.io.FileInputStream.open(FileInputStream.java:216)
	at java.base/java.io.FileInputStream.&lt;init&gt;(FileInputStream.java:157)
	at java.base/java.io.FileInputStream.&lt;init&gt;(FileInputStream.java:111)
	at java.base/java.io.FileReader.&lt;init&gt;(FileReader.java:60)
	at Admin_SmokeTest.DataProviderMinimal.insertHp5_1Provider(DataProviderMinimal.java:56)
	... 23 more
... Removed 29 stack frames</div></td></tr></table><p class="totop"><a href="#summary">back to summary</a></p>
<h3 id="m5">Admin_SmokeTest.Testcase_Main#f</h3><table class="result"><tr><th>Exception</th></tr><tr><td><div class="stacktrace">java.lang.RuntimeException: java.io.FileNotFoundException: .\src\test\resources\data\CSVFile\CreateLesson\TestCase_PresentedLesson1.csv (The system cannot find the path specified)
	at java.base/java.util.ArrayList.forEach(ArrayList.java:1511)
	at Admin_SmokeTest.Runner.main(Runner.java:16)
Caused by: java.io.FileNotFoundException: .\src\test\resources\data\CSVFile\CreateLesson\TestCase_PresentedLesson1.csv (The system cannot find the path specified)
	at java.base/java.io.FileInputStream.open0(Native Method)
	at java.base/java.io.FileInputStream.open(FileInputStream.java:216)
	at java.base/java.io.FileInputStream.&lt;init&gt;(FileInputStream.java:157)
	at java.base/java.io.FileInputStream.&lt;init&gt;(FileInputStream.java:111)
	at java.base/java.io.FileReader.&lt;init&gt;(FileReader.java:60)
	at Admin_SmokeTest.DataProviderMinimal.insertPresentedLessonProvider(DataProviderMinimal.java:16)
	... 23 more
... Removed 29 stack frames</div></td></tr></table><p class="totop"><a href="#summary">back to summary</a></p>
<h3 id="m6">Admin_SmokeTest.Testcase_Practice#f</h3><table class="result"><tr><th>Exception</th></tr><tr><td><div class="stacktrace">java.lang.RuntimeException: java.io.FileNotFoundException: .\src\test\resources\data\CSVFile\Practice\PracticeCreate_Testcase1.csv (The system cannot find the path specified)
	at java.base/java.util.ArrayList.forEach(ArrayList.java:1511)
	at Admin_SmokeTest.Runner.main(Runner.java:16)
Caused by: java.io.FileNotFoundException: .\src\test\resources\data\CSVFile\Practice\PracticeCreate_Testcase1.csv (The system cannot find the path specified)
	at java.base/java.io.FileInputStream.open0(Native Method)
	at java.base/java.io.FileInputStream.open(FileInputStream.java:216)
	at java.base/java.io.FileInputStream.&lt;init&gt;(FileInputStream.java:157)
	at java.base/java.io.FileInputStream.&lt;init&gt;(FileInputStream.java:111)
	at java.base/java.io.FileReader.&lt;init&gt;(FileReader.java:60)
	at Admin_SmokeTest.DataProviderMinimal.insertPractice_1Provider(DataProviderMinimal.java:82)
	... 23 more
... Removed 29 stack frames</div></td></tr></table><p class="totop"><a href="#summary">back to summary</a></p>
<h3 id="m7">Admin_SmokeTest.Testcase_Video#f</h3><table class="result"><tr><th>Exception</th></tr><tr><td><div class="stacktrace">java.lang.RuntimeException: java.io.FileNotFoundException: .\src\test\resources\data\CSVFile\Video\Video-Testcase1.csv (The system cannot find the path specified)
	at java.base/java.util.ArrayList.forEach(ArrayList.java:1511)
	at Admin_SmokeTest.Runner.main(Runner.java:16)
Caused by: java.io.FileNotFoundException: .\src\test\resources\data\CSVFile\Video\Video-Testcase1.csv (The system cannot find the path specified)
	at java.base/java.io.FileInputStream.open0(Native Method)
	at java.base/java.io.FileInputStream.open(FileInputStream.java:216)
	at java.base/java.io.FileInputStream.&lt;init&gt;(FileInputStream.java:157)
	at java.base/java.io.FileInputStream.&lt;init&gt;(FileInputStream.java:111)
	at java.base/java.io.FileReader.&lt;init&gt;(FileReader.java:60)
	at Admin_SmokeTest.DataProviderMinimal.insertvideoProvider(DataProviderMinimal.java:29)
	... 23 more
... Removed 29 stack frames</div></td></tr></table><p class="totop"><a href="#summary">back to summary</a></p>
</body>
</html>
